<?xml version="1.0" encoding="UTF-8"?>
<testsuite name="com.bridgelaz.censusanalyzer.CensusAnalyserTest" tests="10" skipped="0" failures="0" errors="0" timestamp="2020-09-07T19:05:18" hostname="LAPTOP-CKOAUDG5" time="0.377">
  <properties/>
  <testcase name="givenIndiaStateCodeData_WithWrongFile_ShouldThrowException" classname="com.bridgelaz.censusanalyzer.CensusAnalyserTest" time="0.015"/>
  <testcase name="givenIndiaStateCodeData_WithWrongDelimiter_ShouldThrowException" classname="com.bridgelaz.censusanalyzer.CensusAnalyserTest" time="0.085"/>
  <testcase name="givenIndianCensusCsvFile_WhenCheckRecords_ReturnCorrectRecords" classname="com.bridgelaz.censusanalyzer.CensusAnalyserTest" time="0.194"/>
  <testcase name="givenIndiaCensusData_WithWrongDelimiter_ShouldThrowException" classname="com.bridgelaz.censusanalyzer.CensusAnalyserTest" time="0.003"/>
  <testcase name="givenIndiaStateCodeData_WithWrongType_ShouldThrowException" classname="com.bridgelaz.censusanalyzer.CensusAnalyserTest" time="0.003"/>
  <testcase name="givenIndianStateCodeCsvFile_WhenCheckRecords_ReturnCorrectRecords" classname="com.bridgelaz.censusanalyzer.CensusAnalyserTest" time="0.062"/>
  <testcase name="givenIndiaCensusData_WithWrongHeader_ShouldThrowException" classname="com.bridgelaz.censusanalyzer.CensusAnalyserTest" time="0.004"/>
  <testcase name="givenIndiaCensusData_WithWrongFile_ShouldThrowException" classname="com.bridgelaz.censusanalyzer.CensusAnalyserTest" time="0.0"/>
  <testcase name="givenIndiaStateCodeData_WithWrongHeader_ShouldThrowException" classname="com.bridgelaz.censusanalyzer.CensusAnalyserTest" time="0.003"/>
  <testcase name="givenIndiaCensusData_WithWrongType_ShouldThrowException" classname="com.bridgelaz.censusanalyzer.CensusAnalyserTest" time="0.003"/>
  <system-out><![CDATA[]]></system-out>
  <system-err><![CDATA[]]></system-err>
</testsuite>
