<?xml version="1.0" encoding="UTF-8"?>
<testsuite name="com.bridgelaz.censusanalyzer.CensusAnalyserTest" tests="8" skipped="0" failures="0" errors="0" timestamp="2020-09-07T04:12:11" hostname="LAPTOP-CKOAUDG5" time="0.365">
  <properties/>
  <testcase name="givenIndiaStateCodeData_WithWrongFile_ShouldThrowException" classname="com.bridgelaz.censusanalyzer.CensusAnalyserTest" time="0.013"/>
  <testcase name="givenIndianCensusCsvFile_WhenCheckRecords_ReturnCorrectRecords" classname="com.bridgelaz.censusanalyzer.CensusAnalyserTest" time="0.239"/>
  <testcase name="givenIndiaCensusData_WithWrongDelimiter_ShouldThrowException" classname="com.bridgelaz.censusanalyzer.CensusAnalyserTest" time="0.023"/>
  <testcase name="givenIndiaStateCodeData_WithWrongType_ShouldThrowException" classname="com.bridgelaz.censusanalyzer.CensusAnalyserTest" time="0.015"/>
  <testcase name="givenIndianStateCodeCsvFile_WhenCheckRecords_ReturnCorrectRecords" classname="com.bridgelaz.censusanalyzer.CensusAnalyserTest" time="0.054"/>
  <testcase name="givenIndiaCensusData_WithWrongHeader_ShouldThrowException" classname="com.bridgelaz.censusanalyzer.CensusAnalyserTest" time="0.006"/>
  <testcase name="givenIndiaCensusData_WithWrongFile_ShouldThrowException" classname="com.bridgelaz.censusanalyzer.CensusAnalyserTest" time="0.003"/>
  <testcase name="givenIndiaCensusData_WithWrongType_ShouldThrowException" classname="com.bridgelaz.censusanalyzer.CensusAnalyserTest" time="0.004"/>
  <system-out><![CDATA[]]></system-out>
  <system-err><![CDATA[]]></system-err>
</testsuite>
