<?xml version="1.0" encoding="UTF-8"?>
<testsuite name="com.bridgelaz.censusanalyzer.CensusAnalyserTest" tests="10" skipped="0" failures="0" errors="0" timestamp="2020-09-08T17:35:28" hostname="LAPTOP-CKOAUDG5" time="0.502">
  <properties/>
  <testcase name="givenIndiaStateCodeData_WithWrongFile_ShouldThrowException" classname="com.bridgelaz.censusanalyzer.CensusAnalyserTest" time="0.019"/>
  <testcase name="givenIndiaStateCodeData_WithWrongDelimiter_ShouldThrowException" classname="com.bridgelaz.censusanalyzer.CensusAnalyserTest" time="0.089"/>
  <testcase name="givenIndianCensusCsvFile_WhenCheckRecords_ReturnCorrectRecords" classname="com.bridgelaz.censusanalyzer.CensusAnalyserTest" time="0.274"/>
  <testcase name="givenIndiaCensusData_WithWrongDelimiter_ShouldThrowException" classname="com.bridgelaz.censusanalyzer.CensusAnalyserTest" time="0.012"/>
  <testcase name="givenIndiaStateCodeData_WithWrongType_ShouldThrowException" classname="com.bridgelaz.censusanalyzer.CensusAnalyserTest" time="0.005"/>
  <testcase name="givenIndianStateCodeCsvFile_WhenCheckRecords_ReturnCorrectRecords" classname="com.bridgelaz.censusanalyzer.CensusAnalyserTest" time="0.072"/>
  <testcase name="givenIndiaCensusData_WithWrongHeader_ShouldThrowException" classname="com.bridgelaz.censusanalyzer.CensusAnalyserTest" time="0.01"/>
  <testcase name="givenIndiaCensusData_WithWrongFile_ShouldThrowException" classname="com.bridgelaz.censusanalyzer.CensusAnalyserTest" time="0.0"/>
  <testcase name="givenIndiaStateCodeData_WithWrongHeader_ShouldThrowException" classname="com.bridgelaz.censusanalyzer.CensusAnalyserTest" time="0.009"/>
  <testcase name="givenIndiaCensusData_WithWrongType_ShouldThrowException" classname="com.bridgelaz.censusanalyzer.CensusAnalyserTest" time="0.004"/>
  <system-out><![CDATA[]]></system-out>
  <system-err><![CDATA[]]></system-err>
</testsuite>
