<?xml version="1.0" encoding="UTF-8"?>
<testsuite name="com.bridgelaz.censusanalyzer.CensusAnalyserTest" tests="20" skipped="0" failures="0" errors="0" timestamp="2020-09-11T14:46:59" hostname="LAPTOP-CKOAUDG5" time="1.154">
  <properties/>
  <testcase name="givenIndianCensusData_whenSortedByMaxInArea_shouldReturnSortedResult" classname="com.bridgelaz.censusanalyzer.CensusAnalyserTest" time="0.357"/>
  <testcase name="givenIndiaStateCodeData_WithWrongFile_ShouldThrowException" classname="com.bridgelaz.censusanalyzer.CensusAnalyserTest" time="0.008"/>
  <testcase name="givenIndiaStateCodeData_WithWrongDelimiter_ShouldThrowException" classname="com.bridgelaz.censusanalyzer.CensusAnalyserTest" time="0.007"/>
  <testcase name="givenIndianCensusCsvFile_WhenCheckRecords_ReturnCorrectRecords" classname="com.bridgelaz.censusanalyzer.CensusAnalyserTest" time="0.091"/>
  <testcase name="givenIndianAndUSData_WhenSortedByPopulation_shouldReturnSortedResult" classname="com.bridgelaz.censusanalyzer.CensusAnalyserTest" time="0.169"/>
  <testcase name="givenUSCensusData_whenSortedByMaxInArea_shouldReturnSortedResult" classname="com.bridgelaz.censusanalyzer.CensusAnalyserTest" time="0.079"/>
  <testcase name="givenIndiaCensusData_WithWrongDelimiter_ShouldThrowException" classname="com.bridgelaz.censusanalyzer.CensusAnalyserTest" time="0.005"/>
  <testcase name="givenIndiaStateCodeData_WithWrongType_ShouldThrowException" classname="com.bridgelaz.censusanalyzer.CensusAnalyserTest" time="0.003"/>
  <testcase name="givenUSCensusData_whenSortedByMaxInPopulationDensity_shouldReturnSortedResult" classname="com.bridgelaz.censusanalyzer.CensusAnalyserTest" time="0.128"/>
  <testcase name="givenIndianCensusData_whenSortedByMaxInPopulation_shouldReturnSortedResult" classname="com.bridgelaz.censusanalyzer.CensusAnalyserTest" time="0.055"/>
  <testcase name="givenIndiaStateCodeData_whenSortedByStateCode_shouldReturnSortedResult" classname="com.bridgelaz.censusanalyzer.CensusAnalyserTest" time="0.018"/>
  <testcase name="givenIndianCensusData_whenSortedByMaxInDensity_shouldReturnSortedResult" classname="com.bridgelaz.censusanalyzer.CensusAnalyserTest" time="0.028"/>
  <testcase name="givenIndianStateCodeCsvFile_WhenCheckRecords_ReturnCorrectRecords" classname="com.bridgelaz.censusanalyzer.CensusAnalyserTest" time="0.03"/>
  <testcase name="givenUSCensusData_whenCheckRecords_shouldReturnCorrectRecords" classname="com.bridgelaz.censusanalyzer.CensusAnalyserTest" time="0.058"/>
  <testcase name="givenIndiaCensusData_WithWrongHeader_ShouldThrowException" classname="com.bridgelaz.censusanalyzer.CensusAnalyserTest" time="0.003"/>
  <testcase name="givenUSCensusData_whenSortedByMaxInPopulation_shouldReturnSortedResult" classname="com.bridgelaz.censusanalyzer.CensusAnalyserTest" time="0.056"/>
  <testcase name="givenIndiaCensusData_WithWrongFile_ShouldThrowException" classname="com.bridgelaz.censusanalyzer.CensusAnalyserTest" time="0.001"/>
  <testcase name="givenIndianCensusData_whenSortedByState_shouldReturnSortedResult" classname="com.bridgelaz.censusanalyzer.CensusAnalyserTest" time="0.034"/>
  <testcase name="givenIndiaStateCodeData_WithWrongHeader_ShouldThrowException" classname="com.bridgelaz.censusanalyzer.CensusAnalyserTest" time="0.003"/>
  <testcase name="givenIndiaCensusData_WithWrongType_ShouldThrowException" classname="com.bridgelaz.censusanalyzer.CensusAnalyserTest" time="0.003"/>
  <system-out><![CDATA[]]></system-out>
  <system-err><![CDATA[]]></system-err>
</testsuite>
