<?xml version="1.0" encoding="UTF-8"?>
<testsuite name="com.bridgelaz.censusanalyzer.CensusAnalyserTest" tests="20" skipped="0" failures="0" errors="0" timestamp="2020-09-11T16:25:58" hostname="LAPTOP-CKOAUDG5" time="1.259">
  <properties/>
  <testcase name="givenIndianCensusData_whenSortedByMaxInArea_shouldReturnSortedResult" classname="com.bridgelaz.censusanalyzer.CensusAnalyserTest" time="0.439"/>
  <testcase name="givenIndiaStateCodeData_WithWrongFile_ShouldThrowException" classname="com.bridgelaz.censusanalyzer.CensusAnalyserTest" time="0.009"/>
  <testcase name="givenIndiaStateCodeData_WithWrongDelimiter_ShouldThrowException" classname="com.bridgelaz.censusanalyzer.CensusAnalyserTest" time="0.008"/>
  <testcase name="givenIndianCensusCsvFile_WhenCheckRecords_ReturnCorrectRecords" classname="com.bridgelaz.censusanalyzer.CensusAnalyserTest" time="0.091"/>
  <testcase name="givenIndianAndUSData_WhenSortedByPopulation_shouldReturnSortedResult" classname="com.bridgelaz.censusanalyzer.CensusAnalyserTest" time="0.188"/>
  <testcase name="givenUSCensusData_whenSortedByMaxInArea_shouldReturnSortedResult" classname="com.bridgelaz.censusanalyzer.CensusAnalyserTest" time="0.079"/>
  <testcase name="givenIndiaCensusData_WithWrongDelimiter_ShouldThrowException" classname="com.bridgelaz.censusanalyzer.CensusAnalyserTest" time="0.005"/>
  <testcase name="givenIndiaStateCodeData_WithWrongType_ShouldThrowException" classname="com.bridgelaz.censusanalyzer.CensusAnalyserTest" time="0.001"/>
  <testcase name="givenUSCensusData_whenSortedByMaxInPopulationDensity_shouldReturnSortedResult" classname="com.bridgelaz.censusanalyzer.CensusAnalyserTest" time="0.077"/>
  <testcase name="givenIndianCensusData_whenSortedByMaxInPopulation_shouldReturnSortedResult" classname="com.bridgelaz.censusanalyzer.CensusAnalyserTest" time="0.032"/>
  <testcase name="givenIndiaStateCodeData_whenSortedByStateCode_shouldReturnSortedResult" classname="com.bridgelaz.censusanalyzer.CensusAnalyserTest" time="0.026"/>
  <testcase name="givenIndianCensusData_whenSortedByMaxInDensity_shouldReturnSortedResult" classname="com.bridgelaz.censusanalyzer.CensusAnalyserTest" time="0.039"/>
  <testcase name="givenIndianStateCodeCsvFile_WhenCheckRecords_ReturnCorrectRecords" classname="com.bridgelaz.censusanalyzer.CensusAnalyserTest" time="0.032"/>
  <testcase name="givenUSCensusData_whenCheckRecords_shouldReturnCorrectRecords" classname="com.bridgelaz.censusanalyzer.CensusAnalyserTest" time="0.072"/>
  <testcase name="givenIndiaCensusData_WithWrongHeader_ShouldThrowException" classname="com.bridgelaz.censusanalyzer.CensusAnalyserTest" time="0.003"/>
  <testcase name="givenUSCensusData_whenSortedByMaxInPopulation_shouldReturnSortedResult" classname="com.bridgelaz.censusanalyzer.CensusAnalyserTest" time="0.074"/>
  <testcase name="givenIndiaCensusData_WithWrongFile_ShouldThrowException" classname="com.bridgelaz.censusanalyzer.CensusAnalyserTest" time="0.0"/>
  <testcase name="givenIndianCensusData_whenSortedByState_shouldReturnSortedResult" classname="com.bridgelaz.censusanalyzer.CensusAnalyserTest" time="0.032"/>
  <testcase name="givenIndiaStateCodeData_WithWrongHeader_ShouldThrowException" classname="com.bridgelaz.censusanalyzer.CensusAnalyserTest" time="0.006"/>
  <testcase name="givenIndiaCensusData_WithWrongType_ShouldThrowException" classname="com.bridgelaz.censusanalyzer.CensusAnalyserTest" time="0.003"/>
  <system-out><![CDATA[]]></system-out>
  <system-err><![CDATA[]]></system-err>
</testsuite>
