<?xml version="1.0" encoding="UTF-8"?>
<testsuite name="com.bridgelaz.censusanalyzer.CensusAnalyserTest" tests="1" skipped="0" failures="0" errors="0" timestamp="2020-09-06T14:22:22" hostname="LAPTOP-CKOAUDG5" time="0.022">
  <properties/>
  <testcase name="givenIndianCensusCsvFile_ReturnCorrectRecords" classname="com.bridgelaz.censusanalyzer.CensusAnalyserTest" time="0.022"/>
  <system-out><![CDATA[]]></system-out>
  <system-err><![CDATA[]]></system-err>
</testsuite>
